Traceback (most recent call last):
  File "/home/panshul/Documents/Inter-iit tech 2025/Pathway/pathway/bin/uvicorn", line 12, in <module>
    sys.exit(main())
  File "/home/panshul/Documents/Inter-iit tech 2025/Pathway/pathway/lib/python3.10/site-packages/click/core.py", line 1462, in __call__
    return self.main(*args, **kwargs)
  File "/home/panshul/Documents/Inter-iit tech 2025/Pathway/pathway/lib/python3.10/site-packages/click/core.py", line 1383, in main
    rv = self.invoke(ctx)
  File "/home/panshul/Documents/Inter-iit tech 2025/Pathway/pathway/lib/python3.10/site-packages/click/core.py", line 1246, in invoke
    return ctx.invoke(self.callback, **ctx.params)
  File "/home/panshul/Documents/Inter-iit tech 2025/Pathway/pathway/lib/python3.10/site-packages/click/core.py", line 814, in invoke
    return callback(*args, **kwargs)
  File "/home/panshul/Documents/Inter-iit tech 2025/Pathway/pathway/lib/python3.10/site-packages/uvicorn/main.py", line 412, in main
    run(
  File "/home/panshul/Documents/Inter-iit tech 2025/Pathway/pathway/lib/python3.10/site-packages/uvicorn/main.py", line 579, in run
    server.run()
  File "/home/panshul/Documents/Inter-iit tech 2025/Pathway/pathway/lib/python3.10/site-packages/uvicorn/server.py", line 65, in run
    return asyncio.run(self.serve(sockets=sockets))
  File "/usr/lib/python3.10/asyncio/runners.py", line 44, in run
    return loop.run_until_complete(main)
  File "/usr/lib/python3.10/asyncio/base_events.py", line 649, in run_until_complete
    return future.result()
  File "/home/panshul/Documents/Inter-iit tech 2025/Pathway/pathway/lib/python3.10/site-packages/uvicorn/server.py", line 69, in serve
    await self._serve(sockets)
  File "/home/panshul/Documents/Inter-iit tech 2025/Pathway/pathway/lib/python3.10/site-packages/uvicorn/server.py", line 76, in _serve
    config.load()
  File "/home/panshul/Documents/Inter-iit tech 2025/Pathway/pathway/lib/python3.10/site-packages/uvicorn/config.py", line 434, in load
    self.loaded_app = import_from_string(self.app)
  File "/home/panshul/Documents/Inter-iit tech 2025/Pathway/pathway/lib/python3.10/site-packages/uvicorn/importer.py", line 19, in import_from_string
    module = importlib.import_module(module_str)
  File "/usr/lib/python3.10/importlib/__init__.py", line 126, in import_module
    return _bootstrap._gcd_import(name[level:], package, level)
  File "<frozen importlib._bootstrap>", line 1050, in _gcd_import
  File "<frozen importlib._bootstrap>", line 1027, in _find_and_load
  File "<frozen importlib._bootstrap>", line 1006, in _find_and_load_unlocked
  File "<frozen importlib._bootstrap>", line 688, in _load_unlocked
  File "<frozen importlib._bootstrap_external>", line 883, in exec_module
  File "<frozen importlib._bootstrap>", line 241, in _call_with_frames_removed
  File "/home/panshul/Documents/Inter-iit tech 2025/Pathway/Pathway_InterIIT2025/explanation_service/main.py", line 5, in <module>
    from .explanation_generator import ExplanationGenerator
ImportError: attempted relative import with no known parent package
